# JRE version: OpenJDK Runtime Environment (8.0_152-b01) (build 1.8.0_152-release-915-b01)
# Java VM: OpenJDK 64-Bit Server VM (25.152-b01 mixed mode windows-amd64 compressed oops)
Heap:
 PSYoungGen      total 178688K, used 99861K [0x00000000eab00000, 0x00000000f8f00000, 0x0000000100000000)
  eden space 137728K, 48% used [0x00000000eab00000,0x00000000eecd43e8,0x00000000f3180000)
  from space 40960K, 79% used [0x00000000f3180000,0x00000000f5131348,0x00000000f5980000)
  to   space 44544K, 0% used [0x00000000f6380000,0x00000000f6380000,0x00000000f8f00000)
 ParOldGen       total 176640K, used 51274K [0x00000000c0000000, 0x00000000cac80000, 0x00000000eab00000)
  object space 176640K, 29% used [0x00000000c0000000,0x00000000c32129c0,0x00000000cac80000)
 Metaspace       used 87869K, capacity 92692K, committed 93056K, reserved 1130496K
  class space    used 11405K, capacity 12549K, committed 12672K, reserved 1048576K
GC Heap History (10 events):
Event: 886.654 GC heap before
{Heap before GC invocations=20 (full 3):
 PSYoungGen      total 151552K, used 139375K [0x00000000eab00000, 0x00000000f5c00000, 0x0000000100000000)
  eden space 131072K, 100% used [0x00000000eab00000,0x00000000f2b00000,0x00000000f2b00000)
  from space 20480K, 40% used [0x00000000f4800000,0x00000000f501bda0,0x00000000f5c00000)
  to   space 25088K, 0% used [0x00000000f2b00000,0x00000000f2b00000,0x00000000f4380000)
 ParOldGen       total 176640K, used 49131K [0x00000000c0000000, 0x00000000cac80000, 0x00000000eab00000)
  object space 176640K, 27% used [0x00000000c0000000,0x00000000c2ffadd8,0x00000000cac80000)
 Metaspace       used 73743K, capacity 77126K, committed 77440K, reserved 1116160K
  class space    used 9702K, capacity 10574K, committed 10624K, reserved 1048576K
Event: 886.673 GC heap after
Heap after GC invocations=20 (full 3):
 PSYoungGen      total 156160K, used 18816K [0x00000000eab00000, 0x00000000f6980000, 0x0000000100000000)
  eden space 131072K, 0% used [0x00000000eab00000,0x00000000eab00000,0x00000000f2b00000)
  from space 25088K, 75% used [0x00000000f2b00000,0x00000000f3d60160,0x00000000f4380000)
  to   space 26624K, 0% used [0x00000000f4f80000,0x00000000f4f80000,0x00000000f6980000)
 ParOldGen       total 176640K, used 49158K [0x00000000c0000000, 0x00000000cac80000, 0x00000000eab00000)
  object space 176640K, 27% used [0x00000000c0000000,0x00000000c3001a28,0x00000000cac80000)
 Metaspace       used 73743K, capacity 77126K, committed 77440K, reserved 1116160K
  class space    used 9702K, capacity 10574K, committed 10624K, reserved 1048576K
}
Event: 888.500 GC heap before
{Heap before GC invocations=21 (full 3):
 PSYoungGen      total 156160K, used 149888K [0x00000000eab00000, 0x00000000f6980000, 0x0000000100000000)
  eden space 131072K, 100% used [0x00000000eab00000,0x00000000f2b00000,0x00000000f2b00000)
  from space 25088K, 75% used [0x00000000f2b00000,0x00000000f3d60160,0x00000000f4380000)
  to   space 26624K, 0% used [0x00000000f4f80000,0x00000000f4f80000,0x00000000f6980000)
 ParOldGen       total 176640K, used 49158K [0x00000000c0000000, 0x00000000cac80000, 0x00000000eab00000)
  object space 176640K, 27% used [0x00000000c0000000,0x00000000c3001a28,0x00000000cac80000)
 Metaspace       used 81561K, capacity 85654K, committed 85888K, reserved 1124352K
  class space    used 10854K, capacity 11838K, committed 11904K, reserved 1048576K
Event: 888.528 GC heap after
Heap after GC invocations=21 (full 3):
 PSYoungGen      total 164864K, used 26340K [0x00000000eab00000, 0x00000000f7100000, 0x0000000100000000)
  eden space 138240K, 0% used [0x00000000eab00000,0x00000000eab00000,0x00000000f3200000)
  from space 26624K, 98% used [0x00000000f4f80000,0x00000000f6939290,0x00000000f6980000)
  to   space 30208K, 0% used [0x00000000f3200000,0x00000000f3200000,0x00000000f4f80000)
 ParOldGen       total 176640K, used 49166K [0x00000000c0000000, 0x00000000cac80000, 0x00000000eab00000)
  object space 176640K, 27% used [0x00000000c0000000,0x00000000c3003a28,0x00000000cac80000)
 Metaspace       used 81561K, capacity 85654K, committed 85888K, reserved 1124352K
  class space    used 10854K, capacity 11838K, committed 11904K, reserved 1048576K
}
Event: 909.325 GC heap before
{Heap before GC invocations=22 (full 3):
 PSYoungGen      total 164864K, used 164580K [0x00000000eab00000, 0x00000000f7100000, 0x0000000100000000)
  eden space 138240K, 100% used [0x00000000eab00000,0x00000000f3200000,0x00000000f3200000)
  from space 26624K, 98% used [0x00000000f4f80000,0x00000000f6939290,0x00000000f6980000)
  to   space 30208K, 0% used [0x00000000f3200000,0x00000000f3200000,0x00000000f4f80000)
 ParOldGen       total 176640K, used 49166K [0x00000000c0000000, 0x00000000cac80000, 0x00000000eab00000)
  object space 176640K, 27% used [0x00000000c0000000,0x00000000c3003a28,0x00000000cac80000)
 Metaspace       used 83002K, capacity 87138K, committed 87296K, reserved 1124352K
  class space    used 11008K, capacity 11978K, committed 12032K, reserved 1048576K
Event: 909.351 GC heap after
Heap after GC invocations=22 (full 3):
 PSYoungGen      total 168448K, used 30187K [0x00000000eab00000, 0x00000000f8180000, 0x0000000100000000)
  eden space 138240K, 0% used [0x00000000eab00000,0x00000000eab00000,0x00000000f3200000)
  from space 30208K, 99% used [0x00000000f3200000,0x00000000f4f7ae10,0x00000000f4f80000)
  to   space 35840K, 0% used [0x00000000f5e80000,0x00000000f5e80000,0x00000000f8180000)
 ParOldGen       total 176640K, used 51258K [0x00000000c0000000, 0x00000000cac80000, 0x00000000eab00000)
  object space 176640K, 29% used [0x00000000c0000000,0x00000000c320e9c0,0x00000000cac80000)
 Metaspace       used 83002K, capacity 87138K, committed 87296K, reserved 1124352K
  class space    used 11008K, capacity 11978K, committed 12032K, reserved 1048576K
}
Event: 1394.928 GC heap before
{Heap before GC invocations=23 (full 3):
 PSYoungGen      total 168448K, used 168427K [0x00000000eab00000, 0x00000000f8180000, 0x0000000100000000)
  eden space 138240K, 100% used [0x00000000eab00000,0x00000000f3200000,0x00000000f3200000)
  from space 30208K, 99% used [0x00000000f3200000,0x00000000f4f7ae10,0x00000000f4f80000)
  to   space 35840K, 0% used [0x00000000f5e80000,0x00000000f5e80000,0x00000000f8180000)
 ParOldGen       total 176640K, used 51258K [0x00000000c0000000, 0x00000000cac80000, 0x00000000eab00000)
  object space 176640K, 29% used [0x00000000c0000000,0x00000000c320e9c0,0x00000000cac80000)
 Metaspace       used 86034K, capacity 90726K, committed 91008K, reserved 1128448K
  class space    used 11241K, capacity 12356K, committed 12416K, reserved 1048576K
Event: 1394.972 GC heap after
Heap after GC invocations=23 (full 3):
 PSYoungGen      total 170496K, used 35536K [0x00000000eab00000, 0x00000000f8180000, 0x0000000100000000)
  eden space 134656K, 0% used [0x00000000eab00000,0x00000000eab00000,0x00000000f2e80000)
  from space 35840K, 99% used [0x00000000f5e80000,0x00000000f8134230,0x00000000f8180000)
  to   space 40960K, 0% used [0x00000000f3180000,0x00000000f3180000,0x00000000f5980000)
 ParOldGen       total 176640K, used 51266K [0x00000000c0000000, 0x00000000cac80000, 0x00000000eab00000)
  object space 176640K, 29% used [0x00000000c0000000,0x00000000c32109c0,0x00000000cac80000)
 Metaspace       used 86034K, capacity 90726K, committed 91008K, reserved 1128448K
  class space    used 11241K, capacity 12356K, committed 12416K, reserved 1048576K
}
Event: 1402.497 GC heap before
{Heap before GC invocations=24 (full 3):
 PSYoungGen      total 170496K, used 170192K [0x00000000eab00000, 0x00000000f8180000, 0x0000000100000000)
  eden space 134656K, 100% used [0x00000000eab00000,0x00000000f2e80000,0x00000000f2e80000)
  from space 35840K, 99% used [0x00000000f5e80000,0x00000000f8134230,0x00000000f8180000)
  to   space 40960K, 0% used [0x00000000f3180000,0x00000000f3180000,0x00000000f5980000)
 ParOldGen       total 176640K, used 51266K [0x00000000c0000000, 0x00000000cac80000, 0x00000000eab00000)
  object space 176640K, 29% used [0x00000000c0000000,0x00000000c32109c0,0x00000000cac80000)
 Metaspace       used 86713K, capacity 91552K, committed 91904K, reserved 1128448K
  class space    used 11291K, capacity 12447K, committed 12544K, reserved 1048576K
Event: 1402.614 GC heap after
Heap after GC invocations=24 (full 3):
 PSYoungGen      total 178688K, used 32452K [0x00000000eab00000, 0x00000000f8f00000, 0x0000000100000000)
  eden space 137728K, 0% used [0x00000000eab00000,0x00000000eab00000,0x00000000f3180000)
  from space 40960K, 79% used [0x00000000f3180000,0x00000000f5131348,0x00000000f5980000)
  to   space 44544K, 0% used [0x00000000f6380000,0x00000000f6380000,0x00000000f8f00000)
 ParOldGen       total 176640K, used 51274K [0x00000000c0000000, 0x00000000cac80000, 0x00000000eab00000)
  object space 176640K, 29% used [0x00000000c0000000,0x00000000c32129c0,0x00000000cac80000)
 Metaspace       used 86713K, capacity 91552K, committed 91904K, reserved 1128448K
  class space    used 11291K, capacity 12447K, committed 12544K, reserved 1048576K
}

